{
  "stats": {
    "suites": 1,
    "tests": 1,
    "passes": 0,
    "pending": 0,
    "failures": 1,
    "start": "2025-03-19T16:12:27.007Z",
    "end": "2025-03-19T16:12:27.208Z",
    "duration": 201,
    "testsRegistered": 1,
    "passPercent": 0,
    "pendingPercent": 0,
    "other": 0,
    "hasOther": false,
    "skipped": 0,
    "hasSkipped": false
  },
  "results": [
    {
      "uuid": "ab2e0170-bbaa-4bae-9c9d-f14fa5cc6413",
      "title": "",
      "fullFile": "cypress/e2e/login_spec.cy.js",
      "file": "cypress/e2e/login_spec.cy.js",
      "beforeHooks": [],
      "afterHooks": [],
      "tests": [],
      "suites": [
        {
          "uuid": "16b646f1-50b4-4bae-9e2b-fb44bf9bc085",
          "title": "User Login",
          "fullFile": "",
          "file": "",
          "beforeHooks": [],
          "afterHooks": [],
          "tests": [
            {
              "title": "should log in users successfully",
              "fullTitle": "User Login should log in users successfully",
              "timedOut": null,
              "duration": 193,
              "state": "failed",
              "speed": null,
              "pass": false,
              "fail": true,
              "pending": false,
              "context": null,
              "code": "cy.fixture('loginData').then(users => {\n  users.forEach(user => {\n    cy.login(user.email, user.password);\n    cy.url().should('include', '/dashboard');\n    cy.get('h1').should('contain', 'Dashboard');\n  });\n});",
              "err": {
                "message": "CypressError: `cy.visit()` failed trying to load:\n\n/register\n\nWe failed looking for this file at the path:\n\n/Users/irinastaric/Documents/CypressTestEnv/register\n\nThe internal Cypress web server responded with:\n\n  > 404: Not Found\n\nBecause this error occurred during a `before all` hook we are skipping the remaining tests in the current suite: `User Login`",
                "estack": "CypressError: `cy.visit()` failed trying to load:\n\n/register\n\nWe failed looking for this file at the path:\n\n/Users/irinastaric/Documents/CypressTestEnv/register\n\nThe internal Cypress web server responded with:\n\n  > 404: Not Found\n\nBecause this error occurred during a `before all` hook we are skipping the remaining tests in the current suite: `User Login`\n    at <unknown> (http://localhost:52636/__cypress/runner/cypress_runner.js:132351:76)\n    at visitFailedByErr (http://localhost:52636/__cypress/runner/cypress_runner.js:131757:12)\n    at <unknown> (http://localhost:52636/__cypress/runner/cypress_runner.js:132334:13)\n    at tryCatcher (http://localhost:52636/__cypress/runner/cypress_runner.js:1777:23)\n    at Promise._settlePromiseFromHandler (http://localhost:52636/__cypress/runner/cypress_runner.js:1489:31)\n    at Promise._settlePromise (http://localhost:52636/__cypress/runner/cypress_runner.js:1546:18)\n    at Promise._settlePromise0 (http://localhost:52636/__cypress/runner/cypress_runner.js:1591:10)\n    at Promise._settlePromises (http://localhost:52636/__cypress/runner/cypress_runner.js:1667:18)\n    at _drainQueueStep (http://localhost:52636/__cypress/runner/cypress_runner.js:2377:12)\n    at _drainQueue (http://localhost:52636/__cypress/runner/cypress_runner.js:2370:9)\n    at Async._drainQueues (http://localhost:52636/__cypress/runner/cypress_runner.js:2386:5)\n    at Async.drainQueues (http://localhost:52636/__cypress/runner/cypress_runner.js:2256:14)\nFrom Your Spec Code:\n    at Context.eval (webpack://cypresstestenv/./cypress/support/commands.js:3:5)\n    at wrapped (http://localhost:52636/__cypress/runner/cypress_runner.js:138854:43)",
                "diff": null
              },
              "uuid": "fb8ba568-fb79-4eef-a302-5936d95d2d4d",
              "parentUUID": "16b646f1-50b4-4bae-9e2b-fb44bf9bc085",
              "isHook": false,
              "skipped": false
            }
          ],
          "suites": [],
          "passes": [],
          "failures": [
            "fb8ba568-fb79-4eef-a302-5936d95d2d4d"
          ],
          "pending": [],
          "skipped": [],
          "duration": 193,
          "root": false,
          "rootEmpty": false,
          "_timeout": 2000
        }
      ],
      "passes": [],
      "failures": [],
      "pending": [],
      "skipped": [],
      "duration": 0,
      "root": true,
      "rootEmpty": true,
      "_timeout": 2000
    }
  ],
  "meta": {
    "mocha": {
      "version": "7.0.1"
    },
    "mochawesome": {
      "options": {
        "quiet": false,
        "reportFilename": "mochawesome",
        "saveHtml": false,
        "saveJson": true,
        "consoleReporter": "spec",
        "useInlineDiffs": false,
        "code": true
      },
      "version": "7.1.3"
    },
    "marge": {
      "options": {
        "reportDir": "cypress/reports",
        "overwrite": false,
        "html": false,
        "json": true
      },
      "version": "6.2.0"
    }
  }
}